<?xml version="1.0" encoding="UTF-8"?>
<testng-results skipped="0" failed="0" ignored="0" total="2" passed="2">
  <reporter-output>
  </reporter-output>
  <suite name="Suite" duration-ms="21734" started-at="2023-05-30T17:27:58 IST" finished-at="2023-05-30T17:28:20 IST">
    <groups>
    </groups>
    <test name="on Firefox" duration-ms="21439" started-at="2023-05-30T17:27:58 IST" finished-at="2023-05-30T17:28:20 IST">
      <class name="com.ebanking.master.Sgrid">
        <test-method status="PASS" signature="Gd(java.lang.String)[pri:0, instance:com.ebanking.master.Sgrid@1f57539]" name="Gd" duration-ms="21338" started-at="2023-05-30T17:27:58 IST" finished-at="2023-05-30T17:28:20 IST">
          <params>
            <param index="0">
              <value>
                <![CDATA[firefox]]>
              </value>
            </param>
          </params>
          <reporter-output>
          </reporter-output>
        </test-method> <!-- Gd -->
      </class> <!-- com.ebanking.master.Sgrid -->
    </test> <!-- on Firefox -->
    <test name="on Chrome" duration-ms="21734" started-at="2023-05-30T17:27:58 IST" finished-at="2023-05-30T17:28:20 IST">
      <class name="com.ebanking.master.Sgrid">
        <test-method status="PASS" signature="Gd(java.lang.String)[pri:0, instance:com.ebanking.master.Sgrid@cb51256]" name="Gd" duration-ms="21647" started-at="2023-05-30T17:27:58 IST" finished-at="2023-05-30T17:28:20 IST">
          <params>
            <param index="0">
              <value>
                <![CDATA[chrome]]>
              </value>
            </param>
          </params>
          <reporter-output>
          </reporter-output>
        </test-method> <!-- Gd -->
      </class> <!-- com.ebanking.master.Sgrid -->
    </test> <!-- on Chrome -->
  </suite> <!-- Suite -->
</testng-results>
